* using log directory 'C:/Users/10903/1 Code/Github/XZDBfunction/XZDBfunction.Rcheck'
* using R version 4.2.3 (2023-03-15 ucrt)
* using platform: x86_64-w64-mingw32 (64-bit)
* using session charset: UTF-8
* using option '--no-manual'
* checking for file 'XZDBfunction/DESCRIPTION' ... OK
* checking extension type ... Package
* this is package 'XZDBfunction' version '7.38.3'
* package encoding: UTF-8
* checking package namespace information ... OK
* checking package dependencies ... NOTE
Package suggested but not available for checking: 'eulerr'
* checking if this is a source package ... OK
* checking if there is a namespace ... OK
* checking for .dll and .exe files ... OK
* checking for hidden files and directories ... OK
* checking for portable file names ... WARNING
Found the following files with non-portable file names:
  R/Bioinfo_Build eniv.R
  inst/example/Datasets infomation.xlsx
  inst/example/Use protocol.docx
  inst/example/datasets/JC list_4E interaction proteins.csv
  inst/example/prism/REF example _ Input_Clean.measurement.for.prism.help.xlsx
  inst/example/prism/REF example _ Output_Clean.measurement.for.prism.help.csv
  inst/example/prism/REF example _ PRISM_Clean.measurement.for.prism.help.prism
  inst/shinyapp/Datasets infomation.xlsx
  inst/shinyapp/datasets/JC list_4E interaction proteins.csv
These are not fully portable file names.
See section 'Package structure' in the 'Writing R Extensions' manual.
* checking whether package 'XZDBfunction' can be installed ... OK
* checking installed package size ... OK
* checking package directory ... OK
* checking 'build' directory ... OK
* checking DESCRIPTION meta-information ... OK
* checking top-level files ... OK
* checking for left-over files ... OK
* checking index information ... OK
* checking package subdirectories ... OK
* checking R files for non-ASCII characters ... OK
* checking R files for syntax errors ... OK
* checking whether the package can be loaded ... OK
* checking whether the package can be loaded with stated dependencies ... OK
* checking whether the package can be unloaded cleanly ... OK
* checking whether the namespace can be loaded with stated dependencies ... OK
* checking whether the namespace can be unloaded cleanly ... OK
* checking loading without being on the library search path ... OK
* checking dependencies in R code ... OK
* checking S3 generic/method consistency ... OK
* checking replacement functions ... OK
* checking foreign function calls ... OK
* checking R code for possible problems ... OK
* checking Rd files ... OK
* checking Rd metadata ... OK
* checking Rd cross-references ... OK
* checking for missing documentation entries ... OK
* checking for code/documentation mismatches ... OK
* checking Rd \usage sections ... OK
* checking Rd contents ... OK
* checking for unstated dependencies in examples ... OK
* checking installed files from 'inst/doc' ... OK
* checking files in 'vignettes' ... OK
* checking examples ... OK
* checking for unstated dependencies in 'tests' ... OK
* checking tests ... OK
  Running 'testthat.R'
* checking for unstated dependencies in vignettes ... OK
* checking package vignettes in 'inst/doc' ... OK
* checking running R code from vignettes ... NONE
  'overview.Rmd' using 'UTF-8'... OK
* checking re-building of vignette outputs ... OK
* DONE
Status: 1 WARNING, 1 NOTE
